<?xml version="1.0" encoding="UTF-8"?>
<!-- Generated by org.testng.reporters.JUnitXMLReporter -->
<testsuite hostname="Waqass-MacBook-Pro.local" ignored="0" name="Test" tests="1" failures="1" timestamp="27 Dec 2018 15:55:08 GMT" time="0.119" errors="0">
  <testcase name="setup" time="0.096" classname="com.maven.BaseClass">
    <failure type="java.lang.IllegalStateException" message="The driver executable does not exist: /Users/waqaskhan/Documents/JAR Files/chromedriver">
      <![CDATA[java.lang.IllegalStateException: The driver executable does not exist: /Users/waqaskhan/Documents/JAR Files/chromedriver
at com.google.common.base.Preconditions.checkState(Preconditions.java:585)
at org.openqa.selenium.remote.service.DriverService.checkExecutable(DriverService.java:137)
at org.openqa.selenium.remote.service.DriverService.findExecutable(DriverService.java:132)
at org.openqa.selenium.chrome.ChromeDriverService.access$000(ChromeDriverService.java:35)
at org.openqa.selenium.chrome.ChromeDriverService$Builder.findDefaultExecutable(ChromeDriverService.java:156)
at org.openqa.selenium.remote.service.DriverService$Builder.build(DriverService.java:346)
at org.openqa.selenium.chrome.ChromeDriverService.createDefaultService(ChromeDriverService.java:91)
at org.openqa.selenium.chrome.ChromeDriver.<init>(ChromeDriver.java:123)
at com.maven.BaseClass.setup(BaseClass.java:16)
... Removed 29 stack frames]]>
    </failure>
  </testcase> <!-- setup -->
</testsuite> <!-- Test -->
